Log file open, 10/09/19 17:09:47
LogWindows: Failed to load 'aqProf.dll' (GetLastError=126)
LogWindows: File 'aqProf.dll' does not exist
LogWindows: Failed to load 'VtuneApi.dll' (GetLastError=126)
LogWindows: File 'VtuneApi.dll' does not exist
LogWindows: Failed to load 'VtuneApi32e.dll' (GetLastError=126)
LogWindows: File 'VtuneApi32e.dll' does not exist
LogConsoleResponse: Display: Failed to find resolution value strings in scalability ini. Falling back to default.
LogInit: Display: Running engine for game: MiniRunner
LogPlatformFile: Not using cached read wrapper
LogTaskGraph: Started task graph with 5 named threads and 47 total threads with 3 sets of task threads.
LogStats: Stats thread started at 0.101825
LogD3D11RHI: Loaded GFSDK_Aftermath_Lib.x64.dll
LogICUInternationalization: ICU TimeZone Detection - Raw Offset: +9:00, Platform Override: ''
LogPluginManager: Mounting plugin Paper2D
LogPluginManager: Mounting plugin AISupport
LogPluginManager: Mounting plugin LightPropagationVolume
LogPluginManager: Mounting plugin ActorLayerUtilities
LogPluginManager: Mounting plugin AnimationSharing
LogPluginManager: Mounting plugin CLionSourceCodeAccess
LogPluginManager: Mounting plugin CodeLiteSourceCodeAccess
LogPluginManager: Mounting plugin GitSourceControl
LogPluginManager: Mounting plugin KDevelopSourceCodeAccess
LogPluginManager: Mounting plugin NullSourceCodeAccess
LogPluginManager: Mounting plugin PerforceSourceControl
LogPluginManager: Mounting plugin SubversionSourceControl
LogPluginManager: Mounting plugin UObjectPlugin
LogPluginManager: Mounting plugin VisualStudioCodeSourceCodeAccess
LogPluginManager: Mounting plugin VisualStudioSourceCodeAccess
LogPluginManager: Mounting plugin XCodeSourceCodeAccess
LogPluginManager: Mounting plugin AssetManagerEditor
LogPluginManager: Mounting plugin CryptoKeys
LogPluginManager: Mounting plugin CurveEditorTools
LogPluginManager: Mounting plugin DataValidation
LogPluginManager: Mounting plugin FacialAnimation
LogPluginManager: Mounting plugin GameplayTagsEditor
LogPluginManager: Mounting plugin MacGraphicsSwitching
LogPluginManager: Mounting plugin MaterialAnalyzer
LogPluginManager: Mounting plugin MobileLauncherProfileWizard
LogPluginManager: Mounting plugin PluginBrowser
LogPluginManager: Mounting plugin SpeedTreeImporter
LogPluginManager: Mounting plugin DatasmithContent
LogPluginManager: Mounting plugin VariantManagerContent
LogPluginManager: Mounting plugin AlembicImporter
LogPluginManager: Mounting plugin AutomationUtils
LogPluginManager: Mounting plugin BackChannel
LogPluginManager: Mounting plugin CharacterAI
LogPluginManager: Mounting plugin GeometryCache
LogPluginManager: Mounting plugin HTML5Networking
LogPluginManager: Mounting plugin PlatformCrypto
LogPluginManager: Mounting plugin ProxyLODPlugin
LogPluginManager: Mounting plugin SkeletalReduction
LogPluginManager: Mounting plugin MagicLeap
LogPluginManager: Mounting plugin MagicLeapMedia
LogPluginManager: Mounting plugin AndroidMedia
LogPluginManager: Mounting plugin AvfMedia
LogPluginManager: Mounting plugin ImgMedia
LogPluginManager: Mounting plugin MediaCompositing
LogPluginManager: Mounting plugin MediaPlayerEditor
LogPluginManager: Mounting plugin WebMMedia
LogPluginManager: Mounting plugin WmfMedia
LogPluginManager: Mounting plugin TcpMessaging
LogPluginManager: Mounting plugin UdpMessaging
LogPluginManager: Mounting plugin ActorSequence
LogPluginManager: Mounting plugin LevelSequenceEditor
LogPluginManager: Mounting plugin MatineeToLevelSequence
LogPluginManager: Mounting plugin NetcodeUnitTest
LogPluginManager: Mounting plugin NUTUnrealEngine4
LogPluginManager: Mounting plugin OnlineSubsystemGooglePlay
LogPluginManager: Mounting plugin OnlineSubsystemIOS
LogPluginManager: Mounting plugin OnlineSubsystem
LogPluginManager: Mounting plugin OnlineSubsystemNull
LogPluginManager: Mounting plugin OnlineSubsystemUtils
LogPluginManager: Mounting plugin LauncherChunkInstaller
LogPluginManager: Mounting plugin AndroidDeviceProfileSelector
LogPluginManager: Mounting plugin AndroidMoviePlayer
LogPluginManager: Mounting plugin AndroidPermission
LogPluginManager: Mounting plugin AppleImageUtils
LogPluginManager: Mounting plugin AppleMoviePlayer
LogPluginManager: Mounting plugin ArchVisCharacter
LogPluginManager: Mounting plugin AudioCapture
LogPluginManager: Mounting plugin CableComponent
LogPluginManager: Mounting plugin CustomMeshComponent
LogPluginManager: Mounting plugin EditableMesh
LogPluginManager: Mounting plugin ExampleDeviceProfileSelector
LogPluginManager: Mounting plugin GoogleCloudMessaging
LogPluginManager: Mounting plugin IOSDeviceProfileSelector
LogPluginManager: Mounting plugin LinuxDeviceProfileSelector
LogPluginManager: Mounting plugin LocationServicesBPLibrary
LogPluginManager: Mounting plugin MobilePatchingUtils
LogPluginManager: Mounting plugin OculusVR
LogPluginManager: Mounting plugin PhysXVehicles
LogPluginManager: Mounting plugin ProceduralMeshComponent
LogPluginManager: Mounting plugin RuntimePhysXCooking
LogPluginManager: Mounting plugin SignificanceManager
LogPluginManager: Mounting plugin SteamVR
LogPluginManager: Mounting plugin WebMMoviePlayer
LogPluginManager: Mounting plugin WindowsMoviePlayer
LogPluginManager: Mounting plugin ScreenshotTools
LogInit: Using libcurl 7.55.1-DEV
LogInit:  - built for x86_64-pc-win32
LogInit:  - supports SSL with OpenSSL/1.1.1
LogInit:  - supports HTTP deflate (compression) using libz 1.2.8
LogInit:  - other features:
LogInit:      CURL_VERSION_SSL
LogInit:      CURL_VERSION_LIBZ
LogInit:      CURL_VERSION_IPV6
LogInit:      CURL_VERSION_ASYNCHDNS
LogInit:      CURL_VERSION_LARGEFILE
LogInit:      CURL_VERSION_IDN
LogInit:  CurlRequestOptions (configurable via config and command line):
LogInit:  - bVerifyPeer = true  - Libcurl will verify peer certificate
LogInit:  - bUseHttpProxy = false  - Libcurl will NOT use HTTP proxy
LogInit:  - bDontReuseConnections = false  - Libcurl will reuse connections
LogInit:  - MaxHostConnections = 16  - Libcurl will limit the number of connections to a host
LogInit:  - LocalHostAddr = Default
LogInit:  - BufferSize = 65536
LogOnline: OSS: Creating online subsystem instance for: NULL
LogInit: WinSock: version 1.1 (2.2), MaxSocks=32767, MaxUdp=65467
LogInit: Build: ++UE4+Release-4.23-CL-8386587
LogInit: Engine Version: 4.23.0-8386587+++UE4+Release-4.23
LogInit: Compatible Engine Version: 4.23.0-8386587+++UE4+Release-4.23
LogInit: Net CL: 8386587
LogInit: OS: Windows 10 (Release 1903) (), CPU: AMD Ryzen 7 1700X Eight-Core Processor         , GPU: NVIDIA GeForce GTX 1070
LogInit: Compiled (64-bit): Aug 31 2019 02:04:44
LogInit: Compiled with Visual C++: 19.16.27030.01
LogInit: Build Configuration: Development
LogInit: Branch Name: ++UE4+Release-4.23
LogInit: Command Line: 
LogInit: Base Directory: C:/Program Files/Epic Games/UE_4.23/Engine/Binaries/Win64/
LogInit: Installed Engine Build: 1
LogDevObjectVersion: Number of dev versions registered: 23
LogDevObjectVersion:   Dev-Blueprints (B0D832E4-1F89-4F0D-ACCF-7EB736FD4AA2): 10
LogDevObjectVersion:   Dev-Build (E1C64328-A22C-4D53-A36C-8E866417BD8C): 0
LogDevObjectVersion:   Dev-Core (375EC13C-06E4-48FB-B500-84F0262A717E): 3
LogDevObjectVersion:   Dev-Editor (E4B068ED-F494-42E9-A231-DA0B2E46BB41): 34
LogDevObjectVersion:   Dev-Framework (CFFC743F-43B0-4480-9391-14DF171D2073): 35
LogDevObjectVersion:   Dev-Mobile (B02B49B5-BB20-44E9-A304-32B752E40360): 2
LogDevObjectVersion:   Dev-Networking (A4E4105C-59A1-49B5-A7C5-40C4547EDFEE): 0
LogDevObjectVersion:   Dev-Online (39C831C9-5AE6-47DC-9A44-9C173E1C8E7C): 0
LogDevObjectVersion:   Dev-Physics (78F01B33-EBEA-4F98-B9B4-84EACCB95AA2): 0
LogDevObjectVersion:   Dev-Platform (6631380F-2D4D-43E0-8009-CF276956A95A): 0
LogDevObjectVersion:   Dev-Rendering (12F88B9F-8875-4AFC-A67C-D90C383ABD29): 31
LogDevObjectVersion:   Dev-Sequencer (7B5AE74C-D270-4C10-A958-57980B212A5A): 11
LogDevObjectVersion:   Dev-VR (D7296918-1DD6-4BDD-9DE2-64A83CC13884): 2
LogDevObjectVersion:   Dev-LoadTimes (C2A15278-BFE7-4AFE-6C17-90FF531DF755): 1
LogDevObjectVersion:   Private-Geometry (6EACA3D4-40EC-4CC1-B786-8BED09428FC5): 3
LogDevObjectVersion:   Dev-AnimPhys (29E575DD-E0A3-4627-9D10-D276232CDCEA): 17
LogDevObjectVersion:   Dev-Anim (AF43A65D-7FD3-4947-9873-3E8ED9C1BB05): 2
LogDevObjectVersion:   Dev-ReflectionCapture (6B266CEC-1EC7-4B8F-A30B-E4D90942FC07): 1
LogDevObjectVersion:   Dev-Automation (0DF73D61-A23F-47EA-B727-89E90C41499A): 1
LogDevObjectVersion:   FortniteMain (601D1886-AC64-4F84-AA16-D3DE0DEAC7D6): 27
LogDevObjectVersion:   Dev-Enterprise (9DFFBCD6-494F-0158-E221-12823C92A888): 6
LogDevObjectVersion:   Dev-Niagara (F2AED0AC-9AFE-416F-8664-AA7FFA26D6FC): 1
LogDevObjectVersion:   Dev-Destruction (174F1F0B-B4C6-45A5-B13F-2EE8D0FB917D): 9
LogInit: Presizing for max 16777216 objects, including 0 objects not considered by GC, pre-allocating 0 bytes for permanent pool.
LogInit: Object subsystem initialized
LogConfig: Setting CVar [[con.DebugEarlyDefault:1]]
LogConfig: Setting CVar [[r.setres:1280x720]]
[2019.10.09-08.09.48:001][  0]LogConfig: Setting CVar [[r.VSync:0]]
[2019.10.09-08.09.48:002][  0]LogConfig: Setting CVar [[r.RHICmdBypass:0]]
[2019.10.09-08.09.48:002][  0]LogConfig: Applying CVar settings from Section [/Script/Engine.RendererSettings] File [C:/Users/qroni/Documents/Unreal Projects/MiniRunner/Saved/Config/Windows/Engine.ini]
[2019.10.09-08.09.48:002][  0]LogConfig: Setting CVar [[r.GPUCrashDebugging:0]]
[2019.10.09-08.09.48:002][  0]LogConfig: Setting CVar [[r.MobileHDR:1]]
[2019.10.09-08.09.48:002][  0]LogConfig: Setting CVar [[r.Mobile.DisableVertexFog:1]]
[2019.10.09-08.09.48:002][  0]LogConfig: Setting CVar [[r.Shadow.CSM.MaxMobileCascades:2]]
[2019.10.09-08.09.48:002][  0]LogConfig: Setting CVar [[r.MobileMSAA:1]]
[2019.10.09-08.09.48:002][  0]LogConfig: Setting CVar [[r.Mobile.UseLegacyShadingModel:0]]
[2019.10.09-08.09.48:002][  0]LogConfig: Setting CVar [[r.Mobile.UseHWsRGBEncoding:0]]
[2019.10.09-08.09.48:002][  0]LogConfig: Setting CVar [[r.Mobile.AllowDitheredLODTransition:0]]
[2019.10.09-08.09.48:002][  0]LogConfig: Setting CVar [[r.Mobile.AllowSoftwareOcclusion:0]]
[2019.10.09-08.09.48:002][  0]LogConfig: Setting CVar [[r.DiscardUnusedQuality:0]]
[2019.10.09-08.09.48:002][  0]LogConfig: Setting CVar [[r.AllowOcclusionQueries:1]]
[2019.10.09-08.09.48:002][  0]LogConfig: Setting CVar [[r.MinScreenRadiusForLights:0.030000]]
[2019.10.09-08.09.48:002][  0]LogConfig: Setting CVar [[r.MinScreenRadiusForDepthPrepass:0.030000]]
[2019.10.09-08.09.48:002][  0]LogConfig: Setting CVar [[r.MinScreenRadiusForCSMDepth:0.010000]]
[2019.10.09-08.09.48:002][  0]LogConfig: Setting CVar [[r.PrecomputedVisibilityWarning:0]]
[2019.10.09-08.09.48:002][  0]LogConfig: Setting CVar [[r.TextureStreaming:1]]
[2019.10.09-08.09.48:002][  0]LogConfig: Setting CVar [[Compat.UseDXT5NormalMaps:0]]
[2019.10.09-08.09.48:002][  0]LogConfig: Setting CVar [[r.VirtualTextures:0]]
[2019.10.09-08.09.48:002][  0]LogConfig: Setting CVar [[r.VirtualTexturedLightmaps:0]]
[2019.10.09-08.09.48:002][  0]LogConfig: Setting CVar [[r.VT.TileSize:128]]
[2019.10.09-08.09.48:002][  0]LogConfig: Setting CVar [[r.VT.TileBorderSize:4]]
[2019.10.09-08.09.48:002][  0]LogConfig: Setting CVar [[r.vt.FeedbackFactor:16]]
[2019.10.09-08.09.48:002][  0]LogConfig: Setting CVar [[r.VT.EnableCompressZlib:1]]
[2019.10.09-08.09.48:002][  0]LogConfig: Setting CVar [[r.VT.EnableCompressCrunch:0]]
[2019.10.09-08.09.48:002][  0]LogConfig: Setting CVar [[r.ClearCoatNormal:0]]
[2019.10.09-08.09.48:002][  0]LogConfig: Setting CVar [[r.ReflectionCaptureResolution:128]]
[2019.10.09-08.09.48:002][  0]LogConfig: Setting CVar [[r.ReflectionEnvironmentLightmapMixBasedOnRoughness:1]]
[2019.10.09-08.09.48:002][  0]LogConfig: Setting CVar [[r.ForwardShading:0]]
[2019.10.09-08.09.48:002][  0]LogConfig: Setting CVar [[r.VertexFoggingForOpaque:1]]
[2019.10.09-08.09.48:002][  0]LogConfig: Setting CVar [[r.AllowStaticLighting:1]]
[2019.10.09-08.09.48:002][  0]LogConfig: Setting CVar [[r.NormalMapsForStaticLighting:0]]
[2019.10.09-08.09.48:002][  0]LogConfig: Setting CVar [[r.GenerateMeshDistanceFields:0]]
[2019.10.09-08.09.48:002][  0]LogConfig: Setting CVar [[r.DistanceFieldBuild.EightBit:0]]
[2019.10.09-08.09.48:002][  0]LogConfig: Setting CVar [[r.GenerateLandscapeGIData:0]]
[2019.10.09-08.09.48:002][  0]LogConfig: Setting CVar [[r.DistanceFieldBuild.Compress:0]]
[2019.10.09-08.09.48:002][  0]LogConfig: Setting CVar [[r.TessellationAdaptivePixelsPerTriangle:48.000000]]
[2019.10.09-08.09.48:002][  0]LogConfig: Setting CVar [[r.SeparateTranslucency:1]]
[2019.10.09-08.09.48:002][  0]LogConfig: Setting CVar [[r.TranslucentSortPolicy:0]]
[2019.10.09-08.09.48:002][  0]LogConfig: Setting CVar [[r.CustomDepth:1]]
[2019.10.09-08.09.48:002][  0]LogConfig: Setting CVar [[r.CustomDepthTemporalAAJitter:1]]
[2019.10.09-08.09.48:002][  0]LogConfig: Setting CVar [[r.PostProcessing.PropagateAlpha:0]]
[2019.10.09-08.09.48:002][  0]LogConfig: Setting CVar [[r.DefaultFeature.Bloom:1]]
[2019.10.09-08.09.48:002][  0]LogConfig: Setting CVar [[r.DefaultFeature.AmbientOcclusion:1]]
[2019.10.09-08.09.48:002][  0]LogConfig: Setting CVar [[r.DefaultFeature.AmbientOcclusionStaticFraction:1]]
[2019.10.09-08.09.48:002][  0]LogConfig: Setting CVar [[r.DefaultFeature.AutoExposure:0]]
[2019.10.09-08.09.48:002][  0]LogConfig: Setting CVar [[r.DefaultFeature.AutoExposure.Method:0]]
[2019.10.09-08.09.48:002][  0]LogConfig: Setting CVar [[r.DefaultFeature.AutoExposure.ExtendDefaultLuminanceRange:0]]
[2019.10.09-08.09.48:002][  0]LogConfig: Setting CVar [[r.UsePreExposure:1]]
[2019.10.09-08.09.48:002][  0]LogConfig: Setting CVar [[r.EyeAdaptation.EditorOnly:1]]
[2019.10.09-08.09.48:002][  0]LogConfig: Setting CVar [[r.DefaultFeature.MotionBlur:0]]
[2019.10.09-08.09.48:002][  0]LogConfig: Setting CVar [[r.DefaultFeature.LensFlare:0]]
[2019.10.09-08.09.48:002][  0]LogConfig: Setting CVar [[r.TemporalAA.Upsampling:0]]
[2019.10.09-08.09.48:002][  0]LogConfig: Setting CVar [[r.DefaultFeature.AntiAliasing:0]]
[2019.10.09-08.09.48:002][  0]LogConfig: Setting CVar [[r.DefaultFeature.LightUnits:1]]
[2019.10.09-08.09.48:002][  0]LogConfig: Setting CVar [[r.DefaultBackBufferPixelFormat:4]]
[2019.10.09-08.09.48:002][  0]LogConfig: Setting CVar [[r.Shadow.UnbuiltPreviewInGame:1]]
[2019.10.09-08.09.48:002][  0]LogConfig: Setting CVar [[r.StencilForLODDither:0]]
[2019.10.09-08.09.48:003][  0]LogConfig: Setting CVar [[r.EarlyZPass:3]]
[2019.10.09-08.09.48:003][  0]LogConfig: Setting CVar [[r.EarlyZPassOnlyMaterialMasking:0]]
[2019.10.09-08.09.48:003][  0]LogConfig: Setting CVar [[r.DBuffer:1]]
[2019.10.09-08.09.48:003][  0]LogConfig: Setting CVar [[r.ClearSceneMethod:1]]
[2019.10.09-08.09.48:003][  0]LogConfig: Setting CVar [[r.BasePassOutputsVelocity:0]]
[2019.10.09-08.09.48:003][  0]LogConfig: Setting CVar [[r.SelectiveBasePassOutputs:0]]
[2019.10.09-08.09.48:003][  0]LogConfig: Setting CVar [[fx.GPUSimulationTextureSizeX:1024]]
[2019.10.09-08.09.48:003][  0]LogConfig: Setting CVar [[fx.GPUSimulationTextureSizeY:1024]]
[2019.10.09-08.09.48:003][  0]LogConfig: Setting CVar [[r.AllowGlobalClipPlane:0]]
[2019.10.09-08.09.48:003][  0]LogConfig: Setting CVar [[r.GBufferFormat:1]]
[2019.10.09-08.09.48:003][  0]LogConfig: Setting CVar [[r.MorphTarget.Mode:1]]
[2019.10.09-08.09.48:003][  0]LogConfig: Setting CVar [[vr.InstancedStereo:0]]
[2019.10.09-08.09.48:003][  0]LogConfig: Setting CVar [[vr.MultiView:0]]
[2019.10.09-08.09.48:003][  0]LogConfig: Setting CVar [[vr.MobileMultiView:0]]
[2019.10.09-08.09.48:003][  0]LogConfig: Setting CVar [[vr.MobileMultiView.Direct:0]]
[2019.10.09-08.09.48:003][  0]LogConfig: Setting CVar [[vr.RoundRobinOcclusion:0]]
[2019.10.09-08.09.48:003][  0]LogConfig: Setting CVar [[vr.ODSCapture:0]]
[2019.10.09-08.09.48:003][  0]LogConfig: Setting CVar [[r.WireframeCullThreshold:5.000000]]
[2019.10.09-08.09.48:003][  0]LogConfig: Setting CVar [[r.RayTracing:0]]
[2019.10.09-08.09.48:003][  0]LogConfig: Setting CVar [[r.SupportStationarySkylight:1]]
[2019.10.09-08.09.48:003][  0]LogConfig: Setting CVar [[r.SupportLowQualityLightmaps:1]]
[2019.10.09-08.09.48:003][  0]LogConfig: Setting CVar [[r.SupportPointLightWholeSceneShadows:1]]
[2019.10.09-08.09.48:003][  0]LogConfig: Setting CVar [[r.SupportAtmosphericFog:1]]
[2019.10.09-08.09.48:003][  0]LogConfig: Setting CVar [[r.SkinCache.CompileShaders:0]]
[2019.10.09-08.09.48:003][  0]LogConfig: Setting CVar [[r.Mobile.EnableStaticAndCSMShadowReceivers:1]]
[2019.10.09-08.09.48:003][  0]LogConfig: Setting CVar [[r.Mobile.EnableMovableLightCSMShaderCulling:1]]
[2019.10.09-08.09.48:003][  0]LogConfig: Setting CVar [[r.Mobile.AllowDistanceFieldShadows:1]]
[2019.10.09-08.09.48:003][  0]LogConfig: Setting CVar [[r.Mobile.AllowMovableDirectionalLights:1]]
[2019.10.09-08.09.48:003][  0]LogConfig: Setting CVar [[r.MobileNumDynamicPointLights:4]]
[2019.10.09-08.09.48:003][  0]LogConfig: Setting CVar [[r.MobileDynamicPointLightsUseStaticBranch:1]]
[2019.10.09-08.09.48:003][  0]LogConfig: Setting CVar [[r.Mobile.EnableMovableSpotlights:0]]
[2019.10.09-08.09.48:003][  0]LogConfig: Setting CVar [[r.SkinCache.SceneMemoryLimitInMB:128.000000]]
[2019.10.09-08.09.48:003][  0]LogConfig: Setting CVar [[r.GPUSkin.Limit2BoneInfluences:0]]
[2019.10.09-08.09.48:003][  0]LogConfig: Setting CVar [[r.SupportDepthOnlyIndexBuffers:1]]
[2019.10.09-08.09.48:003][  0]LogConfig: Setting CVar [[r.SupportReversedIndexBuffers:1]]
[2019.10.09-08.09.48:003][  0]LogConfig: Setting CVar [[r.SupportMaterialLayers:0]]
[2019.10.09-08.09.48:003][  0]LogConfig: Applying CVar settings from Section [/Script/Engine.RendererOverrideSettings] File [C:/Users/qroni/Documents/Unreal Projects/MiniRunner/Saved/Config/Windows/Engine.ini]
[2019.10.09-08.09.48:003][  0]LogConfig: Applying CVar settings from Section [/Script/Engine.StreamingSettings] File [C:/Users/qroni/Documents/Unreal Projects/MiniRunner/Saved/Config/Windows/Engine.ini]
[2019.10.09-08.09.48:003][  0]LogConfig: Setting CVar [[s.MinBulkDataSizeForAsyncLoading:131072]]
[2019.10.09-08.09.48:003][  0]LogConfig: Setting CVar [[s.AsyncLoadingThreadEnabled:0]]
[2019.10.09-08.09.48:003][  0]LogConfig: Setting CVar [[s.EventDrivenLoaderEnabled:1]]
[2019.10.09-08.09.48:003][  0]LogConfig: Setting CVar [[s.WarnIfTimeLimitExceeded:0]]
[2019.10.09-08.09.48:003][  0]LogConfig: Setting CVar [[s.TimeLimitExceededMultiplier:1.5]]
[2019.10.09-08.09.48:003][  0]LogConfig: Setting CVar [[s.TimeLimitExceededMinTime:0.005]]
[2019.10.09-08.09.48:003][  0]LogConfig: Setting CVar [[s.UseBackgroundLevelStreaming:1]]
[2019.10.09-08.09.48:003][  0]LogConfig: Setting CVar [[s.PriorityAsyncLoadingExtraTime:15.0]]
[2019.10.09-08.09.48:003][  0]LogConfig: Setting CVar [[s.LevelStreamingActorsUpdateTimeLimit:5.0]]
[2019.10.09-08.09.48:003][  0]LogConfig: Setting CVar [[s.PriorityLevelStreamingActorsUpdateExtraTime:5.0]]
[2019.10.09-08.09.48:003][  0]LogConfig: Setting CVar [[s.LevelStreamingComponentsRegistrationGranularity:10]]
[2019.10.09-08.09.48:003][  0]LogConfig: Setting CVar [[s.UnregisterComponentsTimeLimit:1.0]]
[2019.10.09-08.09.48:003][  0]LogConfig: Setting CVar [[s.LevelStreamingComponentsUnregistrationGranularity:5]]
[2019.10.09-08.09.48:003][  0]LogConfig: Applying CVar settings from Section [/Script/Engine.GarbageCollectionSettings] File [C:/Users/qroni/Documents/Unreal Projects/MiniRunner/Saved/Config/Windows/Engine.ini]
[2019.10.09-08.09.48:003][  0]LogConfig: Setting CVar [[gc.MaxObjectsNotConsideredByGC:1]]
[2019.10.09-08.09.48:003][  0]LogConfig: Setting CVar [[gc.SizeOfPermanentObjectPool:0]]
[2019.10.09-08.09.48:003][  0]LogConfig: Setting CVar [[gc.FlushStreamingOnGC:0]]
[2019.10.09-08.09.48:003][  0]LogConfig: Setting CVar [[gc.NumRetriesBeforeForcingGC:10]]
[2019.10.09-08.09.48:003][  0]LogConfig: Setting CVar [[gc.AllowParallelGC:1]]
[2019.10.09-08.09.48:003][  0]LogConfig: Setting CVar [[gc.TimeBetweenPurgingPendingKillObjects:61.1]]
[2019.10.09-08.09.48:004][  0]LogConfig: Setting CVar [[gc.MaxObjectsInEditor:16777216]]
[2019.10.09-08.09.48:004][  0]LogConfig: Setting CVar [[gc.IncrementalBeginDestroyEnabled:1]]
[2019.10.09-08.09.48:004][  0]LogConfig: Setting CVar [[gc.CreateGCClusters:1]]
[2019.10.09-08.09.48:004][  0]LogConfig: Setting CVar [[gc.MinGCClusterSize:5]]
[2019.10.09-08.09.48:004][  0]LogConfig: Setting CVar [[gc.ActorClusteringEnabled:0]]
[2019.10.09-08.09.48:004][  0]LogConfig: Setting CVar [[gc.BlueprintClusteringEnabled:0]]
[2019.10.09-08.09.48:004][  0]LogConfig: Setting CVar [[gc.UseDisregardForGCOnDedicatedServers:0]]
[2019.10.09-08.09.48:004][  0]LogConfig: Applying CVar settings from Section [/Script/Engine.NetworkSettings] File [C:/Users/qroni/Documents/Unreal Projects/MiniRunner/Saved/Config/Windows/Engine.ini]
[2019.10.09-08.09.48:004][  0]LogConfig: Applying CVar settings from Section [/Script/UnrealEd.CookerSettings] File [C:/Users/qroni/Documents/Unreal Projects/MiniRunner/Saved/Config/Windows/Engine.ini]
[2019.10.09-08.09.48:011][  0]LogConfig: Applying CVar settings from Section [ViewDistanceQuality@3] File [C:/Users/qroni/Documents/Unreal Projects/MiniRunner/Saved/Config/Windows/Scalability.ini]
[2019.10.09-08.09.48:011][  0]LogConfig: Setting CVar [[r.SkeletalMeshLODBias:0]]
[2019.10.09-08.09.48:011][  0]LogConfig: Setting CVar [[r.ViewDistanceScale:1.0]]
[2019.10.09-08.09.48:011][  0]LogConfig: Applying CVar settings from Section [AntiAliasingQuality@3] File [C:/Users/qroni/Documents/Unreal Projects/MiniRunner/Saved/Config/Windows/Scalability.ini]
[2019.10.09-08.09.48:011][  0]LogConfig: Setting CVar [[r.PostProcessAAQuality:4]]
[2019.10.09-08.09.48:011][  0]LogConfig: Applying CVar settings from Section [ShadowQuality@3] File [C:/Users/qroni/Documents/Unreal Projects/MiniRunner/Saved/Config/Windows/Scalability.ini]
[2019.10.09-08.09.48:011][  0]LogConfig: Setting CVar [[r.LightFunctionQuality:1]]
[2019.10.09-08.09.48:011][  0]LogConfig: Setting CVar [[r.ShadowQuality:5]]
[2019.10.09-08.09.48:011][  0]LogConfig: Setting CVar [[r.Shadow.CSM.MaxCascades:10]]
[2019.10.09-08.09.48:011][  0]LogConfig: Setting CVar [[r.Shadow.MaxResolution:2048]]
[2019.10.09-08.09.48:011][  0]LogConfig: Setting CVar [[r.Shadow.MaxCSMResolution:2048]]
[2019.10.09-08.09.48:011][  0]LogConfig: Setting CVar [[r.Shadow.RadiusThreshold:0.01]]
[2019.10.09-08.09.48:011][  0]LogConfig: Setting CVar [[r.Shadow.DistanceScale:1.0]]
[2019.10.09-08.09.48:011][  0]LogConfig: Setting CVar [[r.Shadow.CSM.TransitionScale:1.0]]
[2019.10.09-08.09.48:011][  0]LogConfig: Setting CVar [[r.Shadow.PreShadowResolutionFactor:1.0]]
[2019.10.09-08.09.48:011][  0]LogConfig: Setting CVar [[r.DistanceFieldShadowing:1]]
[2019.10.09-08.09.48:011][  0]LogConfig: Setting CVar [[r.DistanceFieldAO:1]]
[2019.10.09-08.09.48:011][  0]LogConfig: Setting CVar [[r.AOQuality:2]]
[2019.10.09-08.09.48:011][  0]LogConfig: Setting CVar [[r.VolumetricFog:1]]
[2019.10.09-08.09.48:011][  0]LogConfig: Setting CVar [[r.VolumetricFog.GridPixelSize:8]]
[2019.10.09-08.09.48:011][  0]LogConfig: Setting CVar [[r.VolumetricFog.GridSizeZ:128]]
[2019.10.09-08.09.48:011][  0]LogConfig: Setting CVar [[r.VolumetricFog.HistoryMissSupersampleCount:4]]
[2019.10.09-08.09.48:011][  0]LogConfig: Setting CVar [[r.LightMaxDrawDistanceScale:1]]
[2019.10.09-08.09.48:011][  0]LogConfig: Setting CVar [[r.CapsuleShadows:1]]
[2019.10.09-08.09.48:011][  0]LogConfig: Applying CVar settings from Section [PostProcessQuality@3] File [C:/Users/qroni/Documents/Unreal Projects/MiniRunner/Saved/Config/Windows/Scalability.ini]
[2019.10.09-08.09.48:011][  0]LogConfig: Setting CVar [[r.MotionBlurQuality:4]]
[2019.10.09-08.09.48:011][  0]LogConfig: Setting CVar [[r.AmbientOcclusionMipLevelFactor:0.4]]
[2019.10.09-08.09.48:011][  0]LogConfig: Setting CVar [[r.AmbientOcclusionMaxQuality:100]]
[2019.10.09-08.09.48:011][  0]LogConfig: Setting CVar [[r.AmbientOcclusionLevels:-1]]
[2019.10.09-08.09.48:011][  0]LogConfig: Setting CVar [[r.AmbientOcclusionRadiusScale:1.0]]
[2019.10.09-08.09.48:011][  0]LogConfig: Setting CVar [[r.DepthOfFieldQuality:2]]
[2019.10.09-08.09.48:011][  0]LogConfig: Setting CVar [[r.RenderTargetPoolMin:400]]
[2019.10.09-08.09.48:011][  0]LogConfig: Setting CVar [[r.LensFlareQuality:2]]
[2019.10.09-08.09.48:011][  0]LogConfig: Setting CVar [[r.SceneColorFringeQuality:1]]
[2019.10.09-08.09.48:011][  0]LogConfig: Setting CVar [[r.EyeAdaptationQuality:2]]
[2019.10.09-08.09.48:011][  0]LogConfig: Setting CVar [[r.BloomQuality:5]]
[2019.10.09-08.09.48:011][  0]LogConfig: Setting CVar [[r.FastBlurThreshold:100]]
[2019.10.09-08.09.48:011][  0]LogConfig: Setting CVar [[r.Upscale.Quality:3]]
[2019.10.09-08.09.48:011][  0]LogConfig: Setting CVar [[r.Tonemapper.GrainQuantization:1]]
[2019.10.09-08.09.48:011][  0]LogConfig: Setting CVar [[r.LightShaftQuality:1]]
[2019.10.09-08.09.48:012][  0]LogConfig: Setting CVar [[r.Filter.SizeScale:1]]
[2019.10.09-08.09.48:012][  0]LogConfig: Setting CVar [[r.Tonemapper.Quality:5]]
[2019.10.09-08.09.48:012][  0]LogConfig: Setting CVar [[r.DOF.Gather.AccumulatorQuality:1        ; higher gathering accumulator quality]]
[2019.10.09-08.09.48:012][  0]LogConfig: Setting CVar [[r.DOF.Gather.PostfilterMethod:1          ; Median3x3 postfilering method]]
[2019.10.09-08.09.48:012][  0]LogConfig: Setting CVar [[r.DOF.Gather.EnableBokehSettings:0       ; no bokeh simulation when gathering]]
[2019.10.09-08.09.48:012][  0]LogConfig: Setting CVar [[r.DOF.Gather.RingCount:4                 ; medium number of samples when gathering]]
[2019.10.09-08.09.48:012][  0]LogConfig: Setting CVar [[r.DOF.Scatter.ForegroundCompositing:1    ; additive foreground scattering]]
[2019.10.09-08.09.48:012][  0]LogConfig: Setting CVar [[r.DOF.Scatter.BackgroundCompositing:2    ; additive background scattering]]
[2019.10.09-08.09.48:012][  0]LogConfig: Setting CVar [[r.DOF.Scatter.EnableBokehSettings:1      ; bokeh simulation when scattering]]
[2019.10.09-08.09.48:012][  0]LogConfig: Setting CVar [[r.DOF.Scatter.MaxSpriteRatio:0.1         ; only a maximum of 10% of scattered bokeh]]
[2019.10.09-08.09.48:012][  0]LogConfig: Setting CVar [[r.DOF.Recombine.Quality:1                ; cheap slight out of focus]]
[2019.10.09-08.09.48:012][  0]LogConfig: Setting CVar [[r.DOF.Recombine.EnableBokehSettings:0    ; no bokeh simulation on slight out of focus]]
[2019.10.09-08.09.48:012][  0]LogConfig: Setting CVar [[r.DOF.TemporalAAQuality:1                ; more stable temporal accumulation]]
[2019.10.09-08.09.48:012][  0]LogConfig: Setting CVar [[r.DOF.Kernel.MaxForegroundRadius:0.025]]
[2019.10.09-08.09.48:012][  0]LogConfig: Setting CVar [[r.DOF.Kernel.MaxBackgroundRadius:0.025]]
[2019.10.09-08.09.48:012][  0]LogConfig: Applying CVar settings from Section [TextureQuality@3] File [C:/Users/qroni/Documents/Unreal Projects/MiniRunner/Saved/Config/Windows/Scalability.ini]
[2019.10.09-08.09.48:012][  0]LogConfig: Setting CVar [[r.Streaming.MipBias:0]]
[2019.10.09-08.09.48:012][  0]LogConfig: Setting CVar [[r.Streaming.AmortizeCPUToGPUCopy:0]]
[2019.10.09-08.09.48:012][  0]LogConfig: Setting CVar [[r.Streaming.MaxNumTexturesToStreamPerFrame:0]]
[2019.10.09-08.09.48:012][  0]LogConfig: Setting CVar [[r.Streaming.Boost:1]]
[2019.10.09-08.09.48:012][  0]LogConfig: Setting CVar [[r.MaxAnisotropy:8]]
[2019.10.09-08.09.48:012][  0]LogConfig: Setting CVar [[r.Streaming.LimitPoolSizeToVRAM:0]]
[2019.10.09-08.09.48:012][  0]LogConfig: Setting CVar [[r.Streaming.PoolSize:1000]]
[2019.10.09-08.09.48:012][  0]LogConfig: Setting CVar [[r.Streaming.MaxEffectiveScreenSize:0]]
[2019.10.09-08.09.48:012][  0]LogConfig: Applying CVar settings from Section [EffectsQuality@3] File [C:/Users/qroni/Documents/Unreal Projects/MiniRunner/Saved/Config/Windows/Scalability.ini]
[2019.10.09-08.09.48:012][  0]LogConfig: Setting CVar [[r.TranslucencyLightingVolumeDim:64]]
[2019.10.09-08.09.48:012][  0]LogConfig: Setting CVar [[r.RefractionQuality:2]]
[2019.10.09-08.09.48:012][  0]LogConfig: Setting CVar [[r.SSR.Quality:3]]
[2019.10.09-08.09.48:012][  0]LogConfig: Setting CVar [[r.SceneColorFormat:4]]
[2019.10.09-08.09.48:012][  0]LogConfig: Setting CVar [[r.DetailMode:2]]
[2019.10.09-08.09.48:012][  0]LogConfig: Setting CVar [[r.TranslucencyVolumeBlur:1]]
[2019.10.09-08.09.48:012][  0]LogConfig: Setting CVar [[r.MaterialQualityLevel:1 ; High quality]]
[2019.10.09-08.09.48:012][  0]LogConfig: Setting CVar [[r.SSS.Scale:1]]
[2019.10.09-08.09.48:012][  0]LogConfig: Setting CVar [[r.SSS.SampleSet:2]]
[2019.10.09-08.09.48:012][  0]LogConfig: Setting CVar [[r.SSS.Quality:1]]
[2019.10.09-08.09.48:012][  0]LogConfig: Setting CVar [[r.SSS.HalfRes:1]]
[2019.10.09-08.09.48:012][  0]LogConfig: Setting CVar [[r.EmitterSpawnRateScale:1.0]]
[2019.10.09-08.09.48:012][  0]LogConfig: Setting CVar [[r.ParticleLightQuality:2]]
[2019.10.09-08.09.48:012][  0]LogConfig: Applying CVar settings from Section [FoliageQuality@3] File [C:/Users/qroni/Documents/Unreal Projects/MiniRunner/Saved/Config/Windows/Scalability.ini]
[2019.10.09-08.09.48:012][  0]LogConfig: Setting CVar [[foliage.DensityScale:1.0]]
[2019.10.09-08.09.48:012][  0]LogConfig: Setting CVar [[grass.DensityScale:1.0]]
[2019.10.09-08.09.48:012][  0]LogInit: Selected Device Profile: [Windows]
[2019.10.09-08.09.48:012][  0]LogInit: Applying CVar settings loaded from the selected device profile: [Windows]
[2019.10.09-08.09.48:016][  0]LogHAL: Display: Platform has ~ 16 GB [17130844160 / 17179869184 / 16], which maps to Larger [LargestMinGB=32, LargerMinGB=12, DefaultMinGB=8, SmallerMinGB=6, SmallestMinGB=0)
[2019.10.09-08.09.48:016][  0]LogInit: Going up to parent DeviceProfile []
[2019.10.09-08.09.48:016][  0]LogConfig: Applying CVar settings from Section [ViewDistanceQuality@3] File [C:/Users/qroni/Documents/Unreal Projects/MiniRunner/Saved/Config/Windows/Scalability.ini]
[2019.10.09-08.09.48:016][  0]LogConfig: Setting CVar [[r.SkeletalMeshLODBias:0]]
[2019.10.09-08.09.48:016][  0]LogConfig: Setting CVar [[r.ViewDistanceScale:1.0]]
[2019.10.09-08.09.48:016][  0]LogConfig: Applying CVar settings from Section [AntiAliasingQuality@3] File [C:/Users/qroni/Documents/Unreal Projects/MiniRunner/Saved/Config/Windows/Scalability.ini]
[2019.10.09-08.09.48:016][  0]LogConfig: Setting CVar [[r.PostProcessAAQuality:4]]
[2019.10.09-08.09.48:016][  0]LogConfig: Applying CVar settings from Section [ShadowQuality@3] File [C:/Users/qroni/Documents/Unreal Projects/MiniRunner/Saved/Config/Windows/Scalability.ini]
[2019.10.09-08.09.48:016][  0]LogConfig: Setting CVar [[r.LightFunctionQuality:1]]
[2019.10.09-08.09.48:016][  0]LogConfig: Setting CVar [[r.ShadowQuality:5]]
[2019.10.09-08.09.48:016][  0]LogConfig: Setting CVar [[r.Shadow.CSM.MaxCascades:10]]
[2019.10.09-08.09.48:016][  0]LogConfig: Setting CVar [[r.Shadow.MaxResolution:2048]]
[2019.10.09-08.09.48:016][  0]LogConfig: Setting CVar [[r.Shadow.MaxCSMResolution:2048]]
[2019.10.09-08.09.48:016][  0]LogConfig: Setting CVar [[r.Shadow.RadiusThreshold:0.01]]
[2019.10.09-08.09.48:016][  0]LogConfig: Setting CVar [[r.Shadow.DistanceScale:1.0]]
[2019.10.09-08.09.48:016][  0]LogConfig: Setting CVar [[r.Shadow.CSM.TransitionScale:1.0]]
[2019.10.09-08.09.48:017][  0]LogConfig: Setting CVar [[r.Shadow.PreShadowResolutionFactor:1.0]]
[2019.10.09-08.09.48:017][  0]LogConfig: Setting CVar [[r.DistanceFieldShadowing:1]]
[2019.10.09-08.09.48:017][  0]LogConfig: Setting CVar [[r.DistanceFieldAO:1]]
[2019.10.09-08.09.48:017][  0]LogConfig: Setting CVar [[r.AOQuality:2]]
[2019.10.09-08.09.48:017][  0]LogConfig: Setting CVar [[r.VolumetricFog:1]]
[2019.10.09-08.09.48:017][  0]LogConfig: Setting CVar [[r.VolumetricFog.GridPixelSize:8]]
[2019.10.09-08.09.48:017][  0]LogConfig: Setting CVar [[r.VolumetricFog.GridSizeZ:128]]
[2019.10.09-08.09.48:017][  0]LogConfig: Setting CVar [[r.VolumetricFog.HistoryMissSupersampleCount:4]]
[2019.10.09-08.09.48:017][  0]LogConfig: Setting CVar [[r.LightMaxDrawDistanceScale:1]]
[2019.10.09-08.09.48:017][  0]LogConfig: Setting CVar [[r.CapsuleShadows:1]]
[2019.10.09-08.09.48:017][  0]LogConfig: Applying CVar settings from Section [PostProcessQuality@3] File [C:/Users/qroni/Documents/Unreal Projects/MiniRunner/Saved/Config/Windows/Scalability.ini]
[2019.10.09-08.09.48:017][  0]LogConfig: Setting CVar [[r.MotionBlurQuality:4]]
[2019.10.09-08.09.48:017][  0]LogConfig: Setting CVar [[r.AmbientOcclusionMipLevelFactor:0.4]]
[2019.10.09-08.09.48:017][  0]LogConfig: Setting CVar [[r.AmbientOcclusionMaxQuality:100]]
[2019.10.09-08.09.48:017][  0]LogConfig: Setting CVar [[r.AmbientOcclusionLevels:-1]]
[2019.10.09-08.09.48:017][  0]LogConfig: Setting CVar [[r.AmbientOcclusionRadiusScale:1.0]]
[2019.10.09-08.09.48:017][  0]LogConfig: Setting CVar [[r.DepthOfFieldQuality:2]]
[2019.10.09-08.09.48:017][  0]LogConfig: Setting CVar [[r.RenderTargetPoolMin:400]]
[2019.10.09-08.09.48:017][  0]LogConfig: Setting CVar [[r.LensFlareQuality:2]]
[2019.10.09-08.09.48:017][  0]LogConfig: Setting CVar [[r.SceneColorFringeQuality:1]]
[2019.10.09-08.09.48:017][  0]LogConfig: Setting CVar [[r.EyeAdaptationQuality:2]]
[2019.10.09-08.09.48:017][  0]LogConfig: Setting CVar [[r.BloomQuality:5]]
[2019.10.09-08.09.48:017][  0]LogConfig: Setting CVar [[r.FastBlurThreshold:100]]
[2019.10.09-08.09.48:017][  0]LogConfig: Setting CVar [[r.Upscale.Quality:3]]
[2019.10.09-08.09.48:017][  0]LogConfig: Setting CVar [[r.Tonemapper.GrainQuantization:1]]
[2019.10.09-08.09.48:017][  0]LogConfig: Setting CVar [[r.LightShaftQuality:1]]
[2019.10.09-08.09.48:017][  0]LogConfig: Setting CVar [[r.Filter.SizeScale:1]]
[2019.10.09-08.09.48:017][  0]LogConfig: Setting CVar [[r.Tonemapper.Quality:5]]
[2019.10.09-08.09.48:017][  0]LogConfig: Setting CVar [[r.DOF.Gather.AccumulatorQuality:1        ; higher gathering accumulator quality]]
[2019.10.09-08.09.48:017][  0]LogConfig: Setting CVar [[r.DOF.Gather.PostfilterMethod:1          ; Median3x3 postfilering method]]
[2019.10.09-08.09.48:017][  0]LogConfig: Setting CVar [[r.DOF.Gather.EnableBokehSettings:0       ; no bokeh simulation when gathering]]
[2019.10.09-08.09.48:017][  0]LogConfig: Setting CVar [[r.DOF.Gather.RingCount:4                 ; medium number of samples when gathering]]
[2019.10.09-08.09.48:017][  0]LogConfig: Setting CVar [[r.DOF.Scatter.ForegroundCompositing:1    ; additive foreground scattering]]
[2019.10.09-08.09.48:017][  0]LogConfig: Setting CVar [[r.DOF.Scatter.BackgroundCompositing:2    ; additive background scattering]]
[2019.10.09-08.09.48:017][  0]LogConfig: Setting CVar [[r.DOF.Scatter.EnableBokehSettings:1      ; bokeh simulation when scattering]]
[2019.10.09-08.09.48:017][  0]LogConfig: Setting CVar [[r.DOF.Scatter.MaxSpriteRatio:0.1         ; only a maximum of 10% of scattered bokeh]]
[2019.10.09-08.09.48:017][  0]LogConfig: Setting CVar [[r.DOF.Recombine.Quality:1                ; cheap slight out of focus]]
[2019.10.09-08.09.48:017][  0]LogConfig: Setting CVar [[r.DOF.Recombine.EnableBokehSettings:0    ; no bokeh simulation on slight out of focus]]
[2019.10.09-08.09.48:017][  0]LogConfig: Setting CVar [[r.DOF.TemporalAAQuality:1                ; more stable temporal accumulation]]
[2019.10.09-08.09.48:017][  0]LogConfig: Setting CVar [[r.DOF.Kernel.MaxForegroundRadius:0.025]]
[2019.10.09-08.09.48:017][  0]LogConfig: Setting CVar [[r.DOF.Kernel.MaxBackgroundRadius:0.025]]
[2019.10.09-08.09.48:017][  0]LogConfig: Applying CVar settings from Section [TextureQuality@3] File [C:/Users/qroni/Documents/Unreal Projects/MiniRunner/Saved/Config/Windows/Scalability.ini]
[2019.10.09-08.09.48:017][  0]LogConfig: Setting CVar [[r.Streaming.MipBias:0]]
[2019.10.09-08.09.48:017][  0]LogConfig: Setting CVar [[r.Streaming.AmortizeCPUToGPUCopy:0]]
[2019.10.09-08.09.48:017][  0]LogConfig: Setting CVar [[r.Streaming.MaxNumTexturesToStreamPerFrame:0]]
[2019.10.09-08.09.48:017][  0]LogConfig: Setting CVar [[r.Streaming.Boost:1]]
[2019.10.09-08.09.48:017][  0]LogConfig: Setting CVar [[r.MaxAnisotropy:8]]
[2019.10.09-08.09.48:017][  0]LogConfig: Setting CVar [[r.Streaming.LimitPoolSizeToVRAM:0]]
[2019.10.09-08.09.48:017][  0]LogConfig: Setting CVar [[r.Streaming.PoolSize:1000]]
[2019.10.09-08.09.48:017][  0]LogConfig: Setting CVar [[r.Streaming.MaxEffectiveScreenSize:0]]
[2019.10.09-08.09.48:017][  0]LogConfig: Applying CVar settings from Section [EffectsQuality@3] File [C:/Users/qroni/Documents/Unreal Projects/MiniRunner/Saved/Config/Windows/Scalability.ini]
[2019.10.09-08.09.48:017][  0]LogConfig: Setting CVar [[r.TranslucencyLightingVolumeDim:64]]
[2019.10.09-08.09.48:017][  0]LogConfig: Setting CVar [[r.RefractionQuality:2]]
[2019.10.09-08.09.48:017][  0]LogConfig: Setting CVar [[r.SSR.Quality:3]]
[2019.10.09-08.09.48:017][  0]LogConfig: Setting CVar [[r.SceneColorFormat:4]]
[2019.10.09-08.09.48:017][  0]LogConfig: Setting CVar [[r.DetailMode:2]]
[2019.10.09-08.09.48:018][  0]LogConfig: Setting CVar [[r.TranslucencyVolumeBlur:1]]
[2019.10.09-08.09.48:018][  0]LogConfig: Setting CVar [[r.MaterialQualityLevel:1 ; High quality]]
[2019.10.09-08.09.48:018][  0]LogConfig: Setting CVar [[r.SSS.Scale:1]]
[2019.10.09-08.09.48:018][  0]LogConfig: Setting CVar [[r.SSS.SampleSet:2]]
[2019.10.09-08.09.48:018][  0]LogConfig: Setting CVar [[r.SSS.Quality:1]]
[2019.10.09-08.09.48:018][  0]LogConfig: Setting CVar [[r.SSS.HalfRes:1]]
[2019.10.09-08.09.48:018][  0]LogConfig: Setting CVar [[r.EmitterSpawnRateScale:1.0]]
[2019.10.09-08.09.48:018][  0]LogConfig: Setting CVar [[r.ParticleLightQuality:2]]
[2019.10.09-08.09.48:018][  0]LogConfig: Applying CVar settings from Section [FoliageQuality@3] File [C:/Users/qroni/Documents/Unreal Projects/MiniRunner/Saved/Config/Windows/Scalability.ini]
[2019.10.09-08.09.48:018][  0]LogConfig: Setting CVar [[foliage.DensityScale:1.0]]
[2019.10.09-08.09.48:018][  0]LogConfig: Setting CVar [[grass.DensityScale:1.0]]
[2019.10.09-08.09.48:018][  0]LogConfig: Applying CVar settings from Section [Startup] File [../../../Engine/Config/ConsoleVariables.ini]
[2019.10.09-08.09.48:018][  0]LogConfig: Setting CVar [[net.UseAdaptiveNetUpdateFrequency:0]]
[2019.10.09-08.09.48:018][  0]LogConfig: Setting CVar [[p.chaos.AllowCreatePhysxBodies:1]]
[2019.10.09-08.09.48:018][  0]LogConfig: Applying CVar settings from Section [ConsoleVariables] File [C:/Users/qroni/Documents/Unreal Projects/MiniRunner/Saved/Config/Windows/Engine.ini]
[2019.10.09-08.09.48:018][  0]LogInit: Computer: MAINHELPER01
[2019.10.09-08.09.48:018][  0]LogInit: User: qroni
[2019.10.09-08.09.48:018][  0]LogInit: CPU Page size=4096, Cores=8
[2019.10.09-08.09.48:018][  0]LogInit: High frequency timer resolution =10.000000 MHz
[2019.10.09-08.09.48:018][  0]LogMemory: Memory total: Physical=16.0GB (16GB approx)
[2019.10.09-08.09.48:018][  0]LogMemory: Platform Memory Stats for Windows
[2019.10.09-08.09.48:018][  0]LogMemory: Process Physical Memory: 103.66 MB used, 103.67 MB peak
[2019.10.09-08.09.48:018][  0]LogMemory: Process Virtual Memory: 104.22 MB used, 104.22 MB peak
[2019.10.09-08.09.48:019][  0]LogMemory: Physical Memory: 7319.35 MB used,  9017.89 MB free, 16337.25 MB total
[2019.10.09-08.09.48:019][  0]LogMemory: Virtual Memory: 4688.88 MB used,  134213040.00 MB free, 134217728.00 MB total
[2019.10.09-08.09.48:023][  0]LogWindows: WindowsPlatformFeatures enabled
[2019.10.09-08.09.48:283][  0]LogInit: Using OS detected language (ko-KR).
[2019.10.09-08.09.48:283][  0]LogInit: Using OS detected locale (ko-KR).
[2019.10.09-08.09.48:285][  0]LogTextLocalizationManager: No specific localization for 'ko-KR' exists, so the 'ko' localization will be used.
[2019.10.09-08.09.48:378][  0]LogInit: Setting process to per monitor DPI aware
[2019.10.09-08.09.48:433][  0]LogSlate: New Slate User Created.  User Index 0, Is Virtual User: 0
[2019.10.09-08.09.48:433][  0]LogSlate: Slate User Registered.  User Index 0, Is Virtual User: 0
[2019.10.09-08.09.48:787][  0]LogHMD: Failed to initialize OpenVR with code 110
[2019.10.09-08.09.48:787][  0]LogD3D11RHI: D3D11 adapters:
[2019.10.09-08.09.48:872][  0]LogD3D11RHI:    0. 'NVIDIA GeForce GTX 1070' (Feature Level 11_0)
[2019.10.09-08.09.48:872][  0]LogD3D11RHI:       8088/0/8168 MB DedicatedVideo/DedicatedSystem/SharedSystem, Outputs:2, VendorId:0x10de
[2019.10.09-08.09.48:876][  0]LogD3D11RHI:    1. 'Microsoft Basic Render Driver' (Feature Level 11_0)
[2019.10.09-08.09.48:876][  0]LogD3D11RHI:       0/0/8168 MB DedicatedVideo/DedicatedSystem/SharedSystem, Outputs:0, VendorId:0x1414
[2019.10.09-08.09.48:876][  0]LogD3D11RHI: Chosen D3D11 Adapter: 0
[2019.10.09-08.09.48:886][  0]LogD3D11RHI: Creating new Direct3DDevice
[2019.10.09-08.09.48:886][  0]LogD3D11RHI:     GPU DeviceId: 0x1b81 (for the marketing name, search the web for "GPU Device Id")
[2019.10.09-08.09.48:886][  0]LogWindows: EnumDisplayDevices:
[2019.10.09-08.09.48:886][  0]LogWindows:    0. 'NVIDIA GeForce GTX 1070' (P:1 D:1)
[2019.10.09-08.09.48:887][  0]LogWindows:    1. 'NVIDIA GeForce GTX 1070' (P:0 D:1)
[2019.10.09-08.09.48:887][  0]LogWindows:    2. 'NVIDIA GeForce GTX 1070' (P:0 D:0)
[2019.10.09-08.09.48:888][  0]LogWindows:    3. 'NVIDIA GeForce GTX 1070' (P:0 D:0)
[2019.10.09-08.09.48:888][  0]LogWindows: DebugString: FoundDriverCount:4 
[2019.10.09-08.09.48:888][  0]LogD3D11RHI:     Adapter Name: NVIDIA GeForce GTX 1070
[2019.10.09-08.09.48:888][  0]LogD3D11RHI:   Driver Version: 430.86 (internal:26.21.14.3086, unified:430.86)
[2019.10.09-08.09.48:888][  0]LogD3D11RHI:      Driver Date: 5-22-2019
[2019.10.09-08.09.48:888][  0]LogRHI: Texture pool is 5661 MB (70% of 8088 MB)
[2019.10.09-08.09.48:944][  0]LogD3D11RHI: Async texture creation enabled
[2019.10.09-08.09.48:957][  0]LogD3D11RHI: GPU Timing Frequency: 1000.000000 (Debug: 2 1)
[2019.10.09-08.09.49:422][  0]LogTemp: Display: Module 'AllDesktopTargetPlatform' loaded TargetPlatform 'AllDesktop'
[2019.10.09-08.09.49:435][  0]LogTemp: Display: Module 'MacClientTargetPlatform' loaded TargetPlatform 'MacClient'
[2019.10.09-08.09.49:447][  0]LogTemp: Display: Module 'MacNoEditorTargetPlatform' loaded TargetPlatform 'MacNoEditor'
[2019.10.09-08.09.49:460][  0]LogTemp: Display: Module 'MacServerTargetPlatform' loaded TargetPlatform 'MacServer'
[2019.10.09-08.09.49:473][  0]LogTemp: Display: Module 'MacTargetPlatform' loaded TargetPlatform 'Mac'
[2019.10.09-08.09.49:486][  0]LogTemp: Display: Module 'WindowsClientTargetPlatform' loaded TargetPlatform 'WindowsClient'
[2019.10.09-08.09.49:498][  0]LogTemp: Display: Module 'WindowsNoEditorTargetPlatform' loaded TargetPlatform 'WindowsNoEditor'
[2019.10.09-08.09.49:511][  0]LogTemp: Display: Module 'WindowsServerTargetPlatform' loaded TargetPlatform 'WindowsServer'
[2019.10.09-08.09.49:519][  0]LogTemp: Display: Module 'WindowsTargetPlatform' loaded TargetPlatform 'Windows'
[2019.10.09-08.09.49:559][  0]LogTemp: Display: Module 'AndroidTargetPlatform' loaded TargetPlatform 'Android'
[2019.10.09-08.09.49:560][  0]LogTemp: Display: Module 'AndroidTargetPlatform' loaded TargetPlatform 'Android_ASTC'
[2019.10.09-08.09.49:560][  0]LogTemp: Display: Module 'AndroidTargetPlatform' loaded TargetPlatform 'Android_ATC'
[2019.10.09-08.09.49:560][  0]LogTemp: Display: Module 'AndroidTargetPlatform' loaded TargetPlatform 'Android_DXT'
[2019.10.09-08.09.49:560][  0]LogTemp: Display: Module 'AndroidTargetPlatform' loaded TargetPlatform 'Android_ETC1'
[2019.10.09-08.09.49:560][  0]LogTemp: Display: Module 'AndroidTargetPlatform' loaded TargetPlatform 'Android_ETC1a'
[2019.10.09-08.09.49:560][  0]LogTemp: Display: Module 'AndroidTargetPlatform' loaded TargetPlatform 'Android_ETC2'
[2019.10.09-08.09.49:560][  0]LogTemp: Display: Module 'AndroidTargetPlatform' loaded TargetPlatform 'Android_PVRTC'
[2019.10.09-08.09.49:560][  0]LogTemp: Display: Module 'AndroidTargetPlatform' loaded TargetPlatform 'AndroidClient'
[2019.10.09-08.09.49:560][  0]LogTemp: Display: Module 'AndroidTargetPlatform' loaded TargetPlatform 'Android_ASTCClient'
[2019.10.09-08.09.49:560][  0]LogTemp: Display: Module 'AndroidTargetPlatform' loaded TargetPlatform 'Android_ATCClient'
[2019.10.09-08.09.49:560][  0]LogTemp: Display: Module 'AndroidTargetPlatform' loaded TargetPlatform 'Android_DXTClient'
[2019.10.09-08.09.49:560][  0]LogTemp: Display: Module 'AndroidTargetPlatform' loaded TargetPlatform 'Android_ETC1Client'
[2019.10.09-08.09.49:560][  0]LogTemp: Display: Module 'AndroidTargetPlatform' loaded TargetPlatform 'Android_ETC1aClient'
[2019.10.09-08.09.49:560][  0]LogTemp: Display: Module 'AndroidTargetPlatform' loaded TargetPlatform 'Android_ETC2Client'
[2019.10.09-08.09.49:560][  0]LogTemp: Display: Module 'AndroidTargetPlatform' loaded TargetPlatform 'Android_PVRTCClient'
[2019.10.09-08.09.49:560][  0]LogTemp: Display: Module 'AndroidTargetPlatform' loaded TargetPlatform 'Android_Multi'
[2019.10.09-08.09.49:560][  0]LogTemp: Display: Module 'AndroidTargetPlatform' loaded TargetPlatform 'Android_MultiClient'
[2019.10.09-08.09.49:563][  0]LogTemp: Display: Module 'HTML5TargetPlatform' loaded TargetPlatform 'HTML5'
[2019.10.09-08.09.49:588][  0]LogTemp: Display: Module 'IOSTargetPlatform' loaded TargetPlatform 'IOSClient'
[2019.10.09-08.09.49:588][  0]LogTemp: Display: Module 'IOSTargetPlatform' loaded TargetPlatform 'IOS'
[2019.10.09-08.09.49:607][  0]LogTemp: Display: Module 'TVOSTargetPlatform' loaded TargetPlatform 'TVOSClient'
[2019.10.09-08.09.49:607][  0]LogTemp: Display: Module 'TVOSTargetPlatform' loaded TargetPlatform 'TVOS'
[2019.10.09-08.09.49:616][  0]LogTemp: Display: Module 'LinuxClientTargetPlatform' loaded TargetPlatform 'LinuxClient'
[2019.10.09-08.09.49:689][  0]LogTemp: Display: Module 'LinuxNoEditorTargetPlatform' loaded TargetPlatform 'LinuxNoEditor'
[2019.10.09-08.09.49:699][  0]LogTemp: Display: Module 'LinuxServerTargetPlatform' loaded TargetPlatform 'LinuxServer'
[2019.10.09-08.09.49:709][  0]LogTemp: Display: Module 'LinuxTargetPlatform' loaded TargetPlatform 'Linux'
[2019.10.09-08.09.49:752][  0]LogTemp: Display: Module 'LuminTargetPlatform' loaded TargetPlatform 'Lumin'
[2019.10.09-08.09.49:752][  0]LogTemp: Display: Module 'LuminTargetPlatform' loaded TargetPlatform 'LuminClient'
[2019.10.09-08.09.49:752][  0]LogTargetPlatformManager: Display: Building Assets For Windows
[2019.10.09-08.09.49:970][  0]LogAudioDebug: Display: Lib vorbis DLL was dynamically loaded.
[2019.10.09-08.09.50:244][  0]LogShaderCompilers: Guid format shader working directory is -20 characters bigger than the processId version (../../../../../../Users/qroni/Documents/Unreal Projects/MiniRunner/Intermediate/Shaders/WorkingDirectory/8028/).
[2019.10.09-08.09.50:244][  0]LogShaderCompilers: Cleaned the shader compiler working directory 'C:/Users/qroni/AppData/Local/Temp/UnrealShaderWorkingDir/EA42C6A544E822FC9FA565B91D49BA73/'.
[2019.10.09-08.09.50:248][  0]LogXGEController: Cleaning working directory: C:/Users/qroni/AppData/Local/Temp/UnrealXGEWorkingDir/
[2019.10.09-08.09.50:249][  0]LogXGEController: Cannot use XGE Controller as Incredibuild is not installed on this machine.
[2019.10.09-08.09.50:249][  0]LogShaderCompilers: Cannot use XGE Shader Compiler as Incredibuild is not installed on this machine.
[2019.10.09-08.09.50:249][  0]LogShaderCompilers: Display: Using Local Shader Compiler.
[2019.10.09-08.09.50:978][  0]LogDerivedDataCache: Display: Max Cache Size: 512 MB
[2019.10.09-08.09.51:030][  0]LogDerivedDataCache: Loaded boot cache 0.05s 73MB C:/Users/qroni/AppData/Local/UnrealEngine/4.23/DerivedDataCache/Boot.ddc.
[2019.10.09-08.09.51:031][  0]LogDerivedDataCache: Display: Loaded Boot cache: C:/Users/qroni/AppData/Local/UnrealEngine/4.23/DerivedDataCache/Boot.ddc
[2019.10.09-08.09.51:031][  0]LogDerivedDataCache: FDerivedDataBackendGraph:  Pak pak cache file ../../../../../../Users/qroni/Documents/Unreal Projects/MiniRunner/DerivedDataCache/DDC.ddp not found, will not use a pak cache.
[2019.10.09-08.09.51:031][  0]LogDerivedDataCache: Unable to find inner node Pak for hierarchical cache Hierarchy.
[2019.10.09-08.09.51:031][  0]LogDerivedDataCache: FDerivedDataBackendGraph:  CompressedPak pak cache file ../../../../../../Users/qroni/Documents/Unreal Projects/MiniRunner/DerivedDataCache/Compressed.ddp not found, will not use a pak cache.
[2019.10.09-08.09.51:031][  0]LogDerivedDataCache: Unable to find inner node CompressedPak for hierarchical cache Hierarchy.
[2019.10.09-08.09.51:044][  0]LogDerivedDataCache: Display: Pak cache opened for reading ../../../Engine/DerivedDataCache/Compressed.ddp.
[2019.10.09-08.09.51:044][  0]LogDerivedDataCache: FDerivedDataBackendGraph:  EnterprisePak pak cache file ../../../Enterprise/DerivedDataCache/Compressed.ddp not found, will not use a pak cache.
[2019.10.09-08.09.51:044][  0]LogDerivedDataCache: Unable to find inner node EnterprisePak for hierarchical cache Hierarchy.
[2019.10.09-08.09.51:046][  0]LogDerivedDataCache: Using Local data cache path C:/Users/qroni/AppData/Local/UnrealEngine/Common/DerivedDataCache: Writable
[2019.10.09-08.09.51:046][  0]LogDerivedDataCache: Shared data cache path not found in *engine.ini, will not use an Shared cache.
[2019.10.09-08.09.51:046][  0]LogDerivedDataCache: Unable to find inner node Shared for hierarchical cache Hierarchy.
[2019.10.09-08.09.51:070][  0]LogMaterial: Verifying Global Shaders for PCD3D_SM5
[2019.10.09-08.09.51:073][  0]LogSlate: Using FreeType 2.6.0
[2019.10.09-08.09.51:074][  0]LogSlate: SlateFontServices - WITH_FREETYPE: 1, WITH_HARFBUZZ: 1
[2019.10.09-08.09.51:178][  0]LogAssetRegistry: FAssetRegistry took 0.0032 seconds to start up
[2019.10.09-08.09.51:471][  0]LogInit: Selected Device Profile: [Windows]
[2019.10.09-08.09.51:654][  0]LogMeshReduction: Using QuadricMeshReduction for automatic static mesh reduction
[2019.10.09-08.09.51:654][  0]LogMeshReduction: Using SimplygonMeshReduction for automatic skeletal mesh reduction
[2019.10.09-08.09.51:654][  0]LogMeshReduction: Using ProxyLODMeshReduction for automatic mesh merging
[2019.10.09-08.09.51:654][  0]LogMeshReduction: No distributed automatic mesh merging module available
[2019.10.09-08.09.51:654][  0]LogMeshMerging: No distributed automatic mesh merging module available
[2019.10.09-08.09.51:665][  0]LogNetVersion: MiniRunner 1.0.0, NetCL: 8386587, EngineNetVer: 11, GameNetVer: 0 (Checksum: 4114148126)
[2019.10.09-08.09.52:215][  0]LogPackageLocalizationCache: Processed 12 localized package path(s) for 1 prioritized culture(s) in 0.120341 seconds
[2019.10.09-08.09.52:225][  0]LogUObjectArray: 43444 objects as part of root set at end of initial load.
[2019.10.09-08.09.52:225][  0]LogUObjectAllocator: 7548648 out of 0 bytes used by permanent object pool.
[2019.10.09-08.09.52:225][  0]LogUObjectArray: CloseDisregardForGC: 0/0 objects in disregard for GC pool
[2019.10.09-08.09.54:367][  0]LogTcpMessaging: Initializing TcpMessaging bridge
[2019.10.09-08.09.54:430][  0]LogUdpMessaging: Initializing bridge on interface 0.0.0.0:0 to multicast group 230.0.0.1:6666.
[2019.10.09-08.09.56:150][  0]SourceControl: 소스 컨트롤이 꺼졌습니다.
[2019.10.09-08.09.56:150][  0]SourceControl: 소스 컨트롤이 꺼졌습니다.
[2019.10.09-08.09.56:152][  0]SourceControl: 소스 컨트롤이 꺼졌습니다.
[2019.10.09-08.09.56:154][  0]SourceControl: 소스 컨트롤이 꺼졌습니다.
[2019.10.09-08.09.56:371][  0]LogAndroidPermission: UAndroidPermissionCallbackProxy::GetInstance
[2019.10.09-08.09.56:682][  0]LogOcInput: OculusInput pre-init called
[2019.10.09-08.09.56:692][  0]LogWindows: Failed to load 'OVRPlugin.dll' (GetLastError=126)
[2019.10.09-08.09.56:693][  0]LogWindows: File 'OVRPlugin.dll' does not exist
[2019.10.09-08.09.56:824][  0]LogEngine: Initializing Engine...
[2019.10.09-08.09.56:826][  0]LogHMD: Failed to initialize OpenVR with code 110
[2019.10.09-08.09.56:827][  0]LogStats: UGameplayTagsManager::InitializeManager -  0.000 s
[2019.10.09-08.09.57:093][  0]LogInit: Initializing FReadOnlyCVARCache
[2019.10.09-08.09.57:118][  0]LogAIModule: Creating AISystem for world Untitled
[2019.10.09-08.09.57:352][  0]LogInit: XAudio2 using 'EDGE 27CH3(2- NVIDIA High Definition Audio)' : 2 channels at 48 kHz using 16 bits per sample (channel mask 0x3)
[2019.10.09-08.09.57:390][  0]LogInit: FAudioDevice initialized.
[2019.10.09-08.09.57:391][  0]LogNetVersion: Set ProjectVersion to 1.0.0.0. Version Checksum will be recalculated on next use.
[2019.10.09-08.09.57:821][  0]LogDerivedDataCache: Saved boot cache 0.43s 73MB C:/Users/qroni/AppData/Local/UnrealEngine/4.23/DerivedDataCache/Boot.ddc.
[2019.10.09-08.09.57:826][  0]LogInit: Texture streaming: Enabled
[2019.10.09-08.09.57:870][  0]LogEngineSessionManager: EngineSessionManager initialized
[2019.10.09-08.09.57:905][  0]LogInit: Transaction tracking system initialized
[2019.10.09-08.09.57:965][  0]BlueprintLog: New page: 에디터 로드
[2019.10.09-08.09.58:106][  0]LocalizationService: 현지화 서비스가 비활성화되었습니다.
[2019.10.09-08.09.58:565][  0]LogFileCache: Scanning file cache for directory 'C:/Users/qroni/Documents/Unreal Projects/MiniRunner/Content/' took 0.01s
[2019.10.09-08.09.58:565][  0]LogCook: Display: Max memory allowance for cook 16384mb min free memory 0mb
[2019.10.09-08.09.58:566][  0]LogCook: Display: Mobile HDR setting 1
[2019.10.09-08.09.59:003][  0]SourceControl: 소스 컨트롤이 꺼졌습니다.
[2019.10.09-08.09.59:003][  0]Cmd: MAP LOAD FILE="../../../../../../Users/qroni/Documents/Unreal Projects/MiniRunner/Content/MiniRunner/Level/TestBlank.umap" TEMPLATE=0 SHOWPROGRESS=1 FEATURELEVEL=3
[2019.10.09-08.09.59:004][  0]LightingResults: New page: 라이팅 빌드
[2019.10.09-08.09.59:010][  0]LogWorld: UWorld::CleanupWorld for Untitled, bSessionEnded=true, bCleanupResources=true
[2019.10.09-08.09.59:010][  0]MapCheck: New page: 맵 체크
[2019.10.09-08.09.59:010][  0]LightingResults: New page: 라이팅 빌드
[2019.10.09-08.09.59:054][  0]LogUObjectHash: Compacting FUObjectHashTables data took   2.35ms
[2019.10.09-08.09.59:061][  0]LogAIModule: Creating AISystem for world TestBlank
[2019.10.09-08.09.59:062][  0]LogEditorServer: Finished looking for orphan Actors (0.000 secs)
[2019.10.09-08.09.59:107][  0]LogUObjectHash: Compacting FUObjectHashTables data took   2.03ms
[2019.10.09-08.09.59:107][  0]Cmd: MAP CHECKDEP NOCLEARLOG
[2019.10.09-08.09.59:108][  0]MapCheck: 맵 체크 완료: 오류 0 회, 경고 0 회, 소요 시간 0.271ms.
[2019.10.09-08.09.59:108][  0]LogFileHelpers: Loading map 'TestBlank' took 0.105
[2019.10.09-08.09.59:374][  0]LogSlate: Updating window title bar state: overlay mode, drag disabled, window buttons hidden, title bar hidden
[2019.10.09-08.09.59:381][  0]LogSlate: Updating window title bar state: overlay mode, drag disabled, window buttons hidden, title bar hidden
[2019.10.09-08.09.59:390][  0]LogSlate: Updating window title bar state: overlay mode, drag disabled, window buttons hidden, title bar hidden
[2019.10.09-08.09.59:397][  0]LogSlate: Updating window title bar state: overlay mode, drag disabled, window buttons hidden, title bar hidden
[2019.10.09-08.09.59:407][  0]LogCollectionManager: Loaded 0 collections in 0.003202 seconds
[2019.10.09-08.09.59:416][  0]LogFileCache: Scanning file cache for directory 'C:/Users/qroni/Documents/Unreal Projects/MiniRunner/Saved/Collections/' took 0.00s
[2019.10.09-08.09.59:416][  0]LogFileCache: Scanning file cache for directory 'C:/Users/qroni/Documents/Unreal Projects/MiniRunner/Content/Developers/qroni/Collections/' took 0.00s
[2019.10.09-08.09.59:416][  0]LogFileCache: Scanning file cache for directory 'C:/Users/qroni/Documents/Unreal Projects/MiniRunner/Content/Collections/' took 0.00s
[2019.10.09-08.09.59:416][  0]LogCollectionManager: Rebuilt the GUID cache for 0 collections in 0.000002 seconds
[2019.10.09-08.09.59:535][  0]LogContentBrowser: Native class hierarchy populated in 0.1195 seconds. Added 2867 classes and 684 folders.
[2019.10.09-08.09.59:546][  0]LogContentBrowser: Native class hierarchy updated for 'WidgetCarousel' in 0.0005 seconds. Added 0 classes and 0 folders.
[2019.10.09-08.09.59:644][  0]LogContentBrowser: Native class hierarchy updated for 'AddContentDialog' in 0.0005 seconds. Added 0 classes and 0 folders.
[2019.10.09-08.09.59:655][  0]LogContentBrowser: Native class hierarchy updated for 'SceneOutliner' in 0.0005 seconds. Added 1 classes and 2 folders.
[2019.10.09-08.09.59:723][  0]LogSlate: Took 0.000569 seconds to synchronously load lazily loaded font '../../../Engine/Content/Slate/Fonts/Roboto-Regular.ttf' (155K)
[2019.10.09-08.09.59:728][  0]LogSlate: Took 0.003523 seconds to synchronously load lazily loaded font '../../../Engine/Content/Editor/Slate/Fonts/NanumGothic.ttf' (4243K)
[2019.10.09-08.09.59:735][  0]LogSlate: Took 0.002435 seconds to synchronously load lazily loaded font '../../../Engine/Content/Editor/Slate/Fonts/NanumGothicBold.ttf' (4188K)
[2019.10.09-08.09.59:735][  0]LogSlate: Took 0.000437 seconds to synchronously load lazily loaded font '../../../Engine/Content/Slate/Fonts/Roboto-Bold.ttf' (160K)
[2019.10.09-08.09.59:737][  0]LogSlate: Took 0.000276 seconds to synchronously load lazily loaded font '../../../Engine/Content/Editor/Slate/Fonts/FontAwesome.ttf' (139K)
[2019.10.09-08.09.59:789][  0]LogRenderer: Reallocating scene render targets to support 1528x552 Format 10 NumSamples 1 (Frame:1).
[2019.10.09-08.09.59:927][  0]LogContentBrowser: Native class hierarchy updated for 'HierarchicalLODOutliner' in 0.0006 seconds. Added 0 classes and 0 folders.
[2019.10.09-08.09.59:928][  0]LogLoad: (Engine Initialization) Total time: 14.41 seconds
[2019.10.09-08.09.59:928][  0]LogLoad: (Engine Initialization) Total Blueprint compile time: 0.00 seconds
[2019.10.09-08.10.00:011][  0]LogContentStreaming: Texture pool size now 1000 MB
[2019.10.09-08.10.00:024][  0]LogSlate: Took 0.000510 seconds to synchronously load lazily loaded font '../../../Engine/Content/Slate/Fonts/Roboto-Light.ttf' (167K)
[2019.10.09-08.10.31:528][236]LogAssetRegistry: Asset discovery search completed in 40.3509 seconds
[2019.10.09-08.10.31:532][236]LogCollectionManager: Rebuilt the object cache for 0 collections in 0.000007 seconds (found 0 objects)
[2019.10.09-08.10.31:532][236]LogCollectionManager: Fixed up redirectors for 0 collections in 0.000145 seconds (updated 0 objects)
[2019.10.09-08.22.00:192][451]LogHttp: Warning: 00000204A7F36E80: invalid HTTP response code received. URL: https://datarouter.ol.epicgames.com/datarouter/api/v1/public/data?SessionID=%7BA23EE0F3-42C7-0120-29BB-6AA5403F962D%7D&AppID=UEEditor.Rocket.Release&AppVersion=4.23.0-8386587%2B%2B%2BUE4%2BRelease-4.23&UserID=ba52d92b4058ee5ebcfa42a140ecd23d%7Cfba0673e3cf442498d352b1c0131159b%7Caa5c4d7f-deec-4526-badf-11dee62aa225&AppEnvironment=datacollector-binary&UploadType=eteventstream, HTTP code: 0, content length: -1, actual payload size: 0
[2019.10.09-08.22.00:192][451]LogHttp: Warning: 00000204A7F36E80: request failed, libcurl error: 0 (No error)
[2019.10.09-08.22.00:192][451]LogHttp: Warning: 00000204A7F36E80: libcurl info message cache 0 (Found bundle for host datarouter.ol.epicgames.com: 0x204eb58bf70 [can pipeline])
[2019.10.09-08.22.00:192][451]LogHttp: Warning: 00000204A7F36E80: libcurl info message cache 1 (Re-using existing connection! (#4) with host datarouter.ol.epicgames.com)
[2019.10.09-08.22.00:192][451]LogHttp: Warning: 00000204A7F36E80: libcurl info message cache 2 (Connected to datarouter.ol.epicgames.com (18.205.9.235) port 443 (#4))
[2019.10.09-08.22.00:193][451]LogHttp: Warning: 00000204A7F36E80: libcurl info message cache 3 (We are completely uploaded and fine)
[2019.10.09-08.22.00:193][451]LogHttp: Warning: 00000204A7F36E80: libcurl info message cache 4 (TLSv1.2 (IN), TLS alert, Client hello (1):)
[2019.10.09-08.22.00:193][451]LogHttp: Warning: 00000204A7F36E80: libcurl info message cache 5 (Connection died, retrying a fresh connect)
[2019.10.09-08.22.00:193][451]LogHttp: Warning: 00000204A7F36E80: libcurl info message cache 6 (necessary data rewind wasn't possible)
[2019.10.09-08.22.00:193][451]LogHttp: Warning: 00000204A7F36E80: libcurl info message cache 7 (Closing connection 4)
[2019.10.09-08.22.00:193][451]LogHttp: Warning: 00000204A7F36E80: libcurl info message cache 8 (TLSv1.2 (OUT), TLS alert, Client hello (1):)
[2019.10.09-08.22.00:532][452]LogHttp: Warning: Retry exhausted on https://datarouter.ol.epicgames.com/datarouter/api/v1/public/data?SessionID=%7BA23EE0F3-42C7-0120-29BB-6AA5403F962D%7D&AppID=UEEditor.Rocket.Release&AppVersion=4.23.0-8386587%2B%2B%2BUE4%2BRelease-4.23&UserID=ba52d92b4058ee5ebcfa42a140ecd23d%7Cfba0673e3cf442498d352b1c0131159b%7Caa5c4d7f-deec-4526-badf-11dee62aa225&AppEnvironment=datacollector-binary&UploadType=eteventstream
[2019.10.09-08.28.00:310][524]LogHttp: Warning: 00000204A7F36E80: invalid HTTP response code received. URL: https://datarouter.ol.epicgames.com/datarouter/api/v1/public/data?SessionID=%7BA23EE0F3-42C7-0120-29BB-6AA5403F962D%7D&AppID=UEEditor.Rocket.Release&AppVersion=4.23.0-8386587%2B%2B%2BUE4%2BRelease-4.23&UserID=ba52d92b4058ee5ebcfa42a140ecd23d%7Cfba0673e3cf442498d352b1c0131159b%7Caa5c4d7f-deec-4526-badf-11dee62aa225&AppEnvironment=datacollector-binary&UploadType=eteventstream, HTTP code: 0, content length: -1, actual payload size: 0
[2019.10.09-08.28.00:310][524]LogHttp: Warning: 00000204A7F36E80: request failed, libcurl error: 0 (No error)
[2019.10.09-08.28.00:310][524]LogHttp: Warning: 00000204A7F36E80: libcurl info message cache 0 (Found bundle for host datarouter.ol.epicgames.com: 0x204eb58bf70 [can pipeline])
[2019.10.09-08.28.00:310][524]LogHttp: Warning: 00000204A7F36E80: libcurl info message cache 1 (Re-using existing connection! (#6) with host datarouter.ol.epicgames.com)
[2019.10.09-08.28.00:310][524]LogHttp: Warning: 00000204A7F36E80: libcurl info message cache 2 (Connected to datarouter.ol.epicgames.com (34.236.85.100) port 443 (#6))
[2019.10.09-08.28.00:310][524]LogHttp: Warning: 00000204A7F36E80: libcurl info message cache 3 (We are completely uploaded and fine)
[2019.10.09-08.28.00:310][524]LogHttp: Warning: 00000204A7F36E80: libcurl info message cache 4 (TLSv1.2 (IN), TLS alert, Client hello (1):)
[2019.10.09-08.28.00:310][524]LogHttp: Warning: 00000204A7F36E80: libcurl info message cache 5 (Connection died, retrying a fresh connect)
[2019.10.09-08.28.00:311][524]LogHttp: Warning: 00000204A7F36E80: libcurl info message cache 6 (necessary data rewind wasn't possible)
[2019.10.09-08.28.00:311][524]LogHttp: Warning: 00000204A7F36E80: libcurl info message cache 7 (Closing connection 6)
[2019.10.09-08.28.00:311][524]LogHttp: Warning: 00000204A7F36E80: libcurl info message cache 8 (TLSv1.2 (OUT), TLS alert, Client hello (1):)
[2019.10.09-08.28.00:311][524]LogHttp: Warning: Retry exhausted on https://datarouter.ol.epicgames.com/datarouter/api/v1/public/data?SessionID=%7BA23EE0F3-42C7-0120-29BB-6AA5403F962D%7D&AppID=UEEditor.Rocket.Release&AppVersion=4.23.0-8386587%2B%2B%2BUE4%2BRelease-4.23&UserID=ba52d92b4058ee5ebcfa42a140ecd23d%7Cfba0673e3cf442498d352b1c0131159b%7Caa5c4d7f-deec-4526-badf-11dee62aa225&AppEnvironment=datacollector-binary&UploadType=eteventstream
[2019.10.09-08.33.21:378][481]LogHotReload: New module detected: UE4Editor-MiniRunner-0001.dll
[2019.10.09-08.33.22:404][485]LogHotReload: Starting Hot-Reload from IDE
[2019.10.09-08.33.22:408][485]LogSlate: Took 0.000408 seconds to synchronously load lazily loaded font '../../../Engine/Content/Slate/Fonts/Roboto-Light.ttf' (167K)
[2019.10.09-08.33.22:466][485]LogUObjectHash: Compacting FUObjectHashTables data took   0.74ms
[2019.10.09-08.33.23:438][485]LogClass: Could not find existing class MapLoader in package /Script/MiniRunner for HotReload, assuming new class
[2019.10.09-08.33.23:439][485]LogClass: Could not find existing class MiniRunnerMap in package /Script/MiniRunner for HotReload, assuming new class
[2019.10.09-08.33.23:440][485]LogClass: ESpawnTargetDataInfo HotReload.
[2019.10.09-08.33.23:447][485]LogHotReload: Re-instancing MapLoader after hot-reload.
[2019.10.09-08.33.23:567][485]LogHotReload: Re-instancing MiniRunnerMap after hot-reload.
[2019.10.09-08.33.23:665][485]LogContentBrowser: Native class hierarchy updated for 'MiniRunner' in 0.0007 seconds. Added 4 classes and 4 folders.
[2019.10.09-08.33.23:668][485]Display: HotReload successful (0 functions remapped  0 scriptstructs remapped)
[2019.10.09-08.33.23:756][485]LogUObjectHash: Compacting FUObjectHashTables data took   1.72ms
[2019.10.09-08.33.23:771][485]LogContentBrowser: Native class hierarchy populated in 0.0104 seconds. Added 2868 classes and 686 folders.
[2019.10.09-08.33.23:775][485]Display: HotReload took  1.4s.
[2019.10.09-08.33.28:687][837]LogSlate: FSceneViewport::OnFocusLost() reason 0
[2019.10.09-08.33.28:770][847]LogTemp: Repeating last play command: 선택된 뷰포트
[2019.10.09-08.33.28:777][847]LogBlueprintUserMessages: Early PlayInEditor Detection: Level '/Game/MiniRunner/Level/TestBlank.TestBlank:PersistentLevel' has LevelScriptBlueprint '/Game/MiniRunner/Level/TestBlank.TestBlank:PersistentLevel.TestBlank' with GeneratedClass '/Game/MiniRunner/Level/TestBlank.TestBlank_C' with ClassGeneratedBy '/Game/MiniRunner/Level/TestBlank.TestBlank:PersistentLevel.TestBlank'
[2019.10.09-08.33.28:777][847]LogPlayLevel: PlayLevel: No blueprints needed recompiling
[2019.10.09-08.33.28:777][847]PIE: New page: PIE 세션: TestBlank (2019. 10. 10. 오전 2:33:28)
[2019.10.09-08.33.28:778][847]LogOnline: OSS: Creating online subsystem instance for: NULL
[2019.10.09-08.33.28:780][847]LogPlayLevel: Creating play world package: /Game/MiniRunner/Level/UEDPIE_0_TestBlank
[2019.10.09-08.33.28:781][847]LogPlayLevel: PIE: StaticDuplicateObject took: (0.001685s)
[2019.10.09-08.33.28:783][847]LogAIModule: Creating AISystem for world TestBlank
[2019.10.09-08.33.28:783][847]LogPlayLevel: PIE: World Init took: (0.001382s)
[2019.10.09-08.33.28:783][847]LogPlayLevel: PIE: Created PIE world by copying editor world from /Game/MiniRunner/Level/TestBlank.TestBlank to /Game/MiniRunner/Level/UEDPIE_0_TestBlank.TestBlank (0.003418s)
[2019.10.09-08.33.28:826][847]LogUObjectHash: Compacting FUObjectHashTables data took   1.50ms
[2019.10.09-08.33.28:886][847]LogInit: XAudio2 using 'EDGE 27CH3(2- NVIDIA High Definition Audio)' : 2 channels at 48 kHz using 16 bits per sample (channel mask 0x3)
[2019.10.09-08.33.28:909][847]LogInit: FAudioDevice initialized.
[2019.10.09-08.33.28:923][847]LogLoad: Game class is '2DSideScrollerGameMode_C'
[2019.10.09-08.33.28:925][847]LogWorld: Bringing World /Game/MiniRunner/Level/UEDPIE_0_TestBlank.TestBlank up for play (max tick rate 0) at 2019.10.09-17.33.28
[2019.10.09-08.33.28:925][847]LogWorld: Bringing up level for play took: 0.000478
[2019.10.09-08.33.28:925][847]LogOnline: OSS: Creating online subsystem instance for: :Context_1
[2019.10.09-08.33.28:992][847]LogContentBrowser: Native class hierarchy updated for 'MovieSceneCapture' in 0.0006 seconds. Added 20 classes and 0 folders.
[2019.10.09-08.33.29:008][847]LogTemp: Error: ==== Json Object Parsing Start ====
[2019.10.09-08.33.29:008][847]LogTemp: Error: tile Height, tile Width = 32, 32
[2019.10.09-08.33.29:020][847]LogOutputDevice: Warning: 

Script Stack (0 frames):

[2019.10.09-08.33.29:047][847]LogWindows: Windows GetLastError: 작업을 완료했습니다. (0)
[2019.10.09-08.33.36:558][847]LogWindows: Error: === Critical error: ===
[2019.10.09-08.33.36:558][847]LogWindows: Error: 
[2019.10.09-08.33.36:558][847]LogWindows: Error: Fatal error: [File:D:/Build/++UE4/Sync/Engine/Source/Runtime/CoreUObject/Private/UObject/Obj.cpp] [Line: 106] 
[2019.10.09-08.33.36:558][847]LogWindows: Error: No object initializer found during construction.
[2019.10.09-08.33.36:558][847]LogWindows: Error: 
[2019.10.09-08.33.36:558][847]LogWindows: Error: 
[2019.10.09-08.33.36:558][847]LogWindows: Error: [Callstack] 0x00007fff00d4a839 KERNELBASE.dll!UnknownFunction []
[2019.10.09-08.33.36:558][847]LogWindows: Error: [Callstack] 0x00007ffec7609ef7 UE4Editor-Core.dll!UnknownFunction []
[2019.10.09-08.33.36:558][847]LogWindows: Error: [Callstack] 0x00007ffec760c754 UE4Editor-Core.dll!UnknownFunction []
[2019.10.09-08.33.36:558][847]LogWindows: Error: [Callstack] 0x00007ffec7401afa UE4Editor-Core.dll!UnknownFunction []
[2019.10.09-08.33.36:558][847]LogWindows: Error: [Callstack] 0x00007ffec73567c3 UE4Editor-Core.dll!UnknownFunction []
[2019.10.09-08.33.36:558][847]LogWindows: Error: [Callstack] 0x00007ffec73566a8 UE4Editor-Core.dll!UnknownFunction []
[2019.10.09-08.33.36:558][847]LogWindows: Error: [Callstack] 0x00007ffecc90fdbc UE4Editor-CoreUObject.dll!UnknownFunction []
[2019.10.09-08.33.36:558][847]LogWindows: Error: [Callstack] 0x00007ffe8c59e17b UE4Editor-MiniRunner-0001.dll!AMiniRunnerMap::BeginPlay() [C:\Users\qroni\Documents\Unreal Projects\MiniRunner\Source\MiniRunner\Private\MiniRunnerMap.cpp:97]
[2019.10.09-08.33.36:558][847]LogWindows: Error: [Callstack] 0x00007ffec458f9f6 UE4Editor-Engine.dll!UnknownFunction []
[2019.10.09-08.33.36:558][847]LogWindows: Error: [Callstack] 0x00007ffec45b61a4 UE4Editor-Engine.dll!UnknownFunction []
[2019.10.09-08.33.36:558][847]LogWindows: Error: [Callstack] 0x00007ffec459b9ef UE4Editor-Engine.dll!UnknownFunction []
[2019.10.09-08.33.36:558][847]LogWindows: Error: [Callstack] 0x00007ffec45b9103 UE4Editor-Engine.dll!UnknownFunction []
[2019.10.09-08.33.36:558][847]LogWindows: Error: [Callstack] 0x00007ffec4e5dde1 UE4Editor-Engine.dll!UnknownFunction []
[2019.10.09-08.33.36:558][847]LogWindows: Error: [Callstack] 0x00007ffec4e5e2d7 UE4Editor-Engine.dll!UnknownFunction []
[2019.10.09-08.33.36:558][847]LogWindows: Error: [Callstack] 0x00007ffe8c598e66 UE4Editor-MiniRunner-0001.dll!AMapLoader::LoadMap() [C:\Users\qroni\Documents\Unreal Projects\MiniRunner\Source\MiniRunner\Private\MapLoader.cpp:54]
[2019.10.09-08.33.36:558][847]LogWindows: Error: [Callstack] 0x00007ffe8c598671 UE4Editor-MiniRunner-0001.dll!AMapLoader::BeginPlay() [C:\Users\qroni\Documents\Unreal Projects\MiniRunner\Source\MiniRunner\Private\MapLoader.cpp:28]
[2019.10.09-08.33.36:558][847]LogWindows: Error: [Callstack] 0x00007ffec458f9f6 UE4Editor-Engine.dll!UnknownFunction []
[2019.10.09-08.33.36:558][847]LogWindows: Error: [Callstack] 0x00007ffec57ecd40 UE4Editor-Engine.dll!UnknownFunction []
[2019.10.09-08.33.36:558][847]LogWindows: Error: [Callstack] 0x00007ffec4c823b1 UE4Editor-Engine.dll!UnknownFunction []
[2019.10.09-08.33.36:558][847]LogWindows: Error: [Callstack] 0x00007ffec579adfe UE4Editor-Engine.dll!UnknownFunction []
[2019.10.09-08.33.36:558][847]LogWindows: Error: [Callstack] 0x00007ffec4c44389 UE4Editor-Engine.dll!UnknownFunction []
[2019.10.09-08.33.36:558][847]LogWindows: Error: [Callstack] 0x00000204e6d94953 UE4Editor-UnrealEd.dll!UnknownFunction []
[2019.10.09-08.33.36:558][847]LogWindows: Error: [Callstack] 0x00000204e6db3c01 UE4Editor-UnrealEd.dll!UnknownFunction []
[2019.10.09-08.33.36:559][847]LogWindows: Error: [Callstack] 0x00000204e6dcdaf5 UE4Editor-UnrealEd.dll!UnknownFunction []
[2019.10.09-08.33.36:559][847]LogWindows: Error: [Callstack] 0x00000204e688d9b4 UE4Editor-UnrealEd.dll!UnknownFunction []
[2019.10.09-08.33.36:559][847]LogWindows: Error: [Callstack] 0x00000204e70e4b16 UE4Editor-UnrealEd.dll!UnknownFunction []
[2019.10.09-08.33.36:559][847]LogWindows: Error: [Callstack] 0x00007ff602a27b0a UE4Editor.exe!UnknownFunction []
[2019.10.09-08.33.36:559][847]LogWindows: Error: [Callstack] 0x00007ff602a3a91c UE4Editor.exe!UnknownFunction []
[2019.10.09-08.33.36:559][847]LogWindows: Error: [Callstack] 0x00007ff602a3a9fa UE4Editor.exe!UnknownFunction []
[2019.10.09-08.33.36:559][847]LogWindows: Error: [Callstack] 0x00007ff602a4b92c UE4Editor.exe!UnknownFunction []
[2019.10.09-08.33.36:559][847]LogWindows: Error: [Callstack] 0x00007ff602a4e60e UE4Editor.exe!UnknownFunction []
[2019.10.09-08.33.36:559][847]LogWindows: Error: [Callstack] 0x00007fff02dd7bd4 KERNEL32.DLL!UnknownFunction []
[2019.10.09-08.33.36:559][847]LogWindows: Error: [Callstack] 0x00007fff03decee1 ntdll.dll!UnknownFunction []
[2019.10.09-08.33.36:559][847]LogWindows: Error: 
[2019.10.09-08.33.36:578][847]LogExit: Executing StaticShutdownAfterError
[2019.10.09-08.33.36:603][847]LogWindows: FPlatformMisc::RequestExit(1)
[2019.10.09-08.33.36:691][847]Log file closed, 10/09/19 17:33:36
